#
# There is insufficient memory for the Java Runtime Environment to continue.
# Native memory allocation (malloc) failed to allocate 1048576 bytes. Error detail: AllocateHeap
# Possible reasons:
#   The system is out of physical RAM or swap space
#   This process is running with CompressedOops enabled, and the Java Heap may be blocking the growth of the native heap
# Possible solutions:
#   Reduce memory load on the system
#   Increase physical memory or swap space
#   Check if swap backing store is full
#   Decrease Java heap size (-Xmx/-Xms)
#   Decrease number of Java threads
#   Decrease Java thread stack sizes (-Xss)
#   Set larger code cache with -XX:ReservedCodeCacheSize=
#   JVM is running with Unscaled Compressed Oops mode in which the Java heap is
#     placed in the first 4GB address space. The Java Heap base address is the
#     maximum limit for the native heap growth. Please use -XX:HeapBaseMinAddress
#     to set the Java Heap base and to place the Java Heap above 4GB virtual address.
# This output file may be truncated or incomplete.
#
#  Out of Memory Error (allocation.cpp:44), pid=10992, tid=20504
#
# JRE version: OpenJDK Runtime Environment Temurin-21.0.10+7 (21.0.10+7) (build 21.0.10+7-LTS)
# Java VM: OpenJDK 64-Bit Server VM Temurin-21.0.10+7 (21.0.10+7-LTS, mixed mode, sharing, tiered, compressed oops, compressed class ptrs, parallel gc, windows-amd64)
# No core dump will be written. Minidumps are not enabled by default on client versions of Windows
#

---------------  S U M M A R Y ------------

Command Line: -agentpath:C:\WINDOWS\system32\Aternity\Java\JavaHookLoader.dll=C:\ProgramData\Aternity\hooks --add-modules=ALL-SYSTEM --add-opens=java.base/java.util=ALL-UNNAMED --add-opens=java.base/java.lang=ALL-UNNAMED --add-opens=java.base/sun.nio.fs=ALL-UNNAMED -Declipse.application=org.eclipse.jdt.ls.core.id1 -Dosgi.bundles.defaultStartLevel=4 -Declipse.product=org.eclipse.jdt.ls.core.product -Djava.import.generatesMetadataFilesAtProjectRoot=false -DDetectVMInstallationsJob.disabled=true -Dfile.encoding=utf8 -XX:+UseParallelGC -XX:GCTimeRatio=4 -XX:AdaptiveSizePolicyWeight=90 -Dsun.zip.disableMemoryMapping=true -Xmx2G -Xms100m -Xlog:disable -javaagent:c:\Users\97689T\.vscode\extensions\redhat.java-1.53.0-win32-x64\lombok\lombok-1.18.39-4050.jar -XX:+HeapDumpOnOutOfMemoryError -XX:HeapDumpPath=c:\Users\97689T\AppData\Roaming\Code\User\workspaceStorage\d0bd320620ad3a5fccf20038298901ba\redhat.java -Daether.dependencyCollector.impl=bf -agentpath:C:\Program Files\Palo Alto Networks\Traps\cyjagent.dll c:\Users\97689T\.vscode\extensions\redhat.java-1.53.0-win32-x64\server\plugins\org.eclipse.equinox.launcher_1.7.100.v20251111-0406.jar -configuration c:\Users\97689T\AppData\Roaming\Code\User\globalStorage\redhat.java\1.53.0\config_win -data c:\Users\97689T\AppData\Roaming\Code\User\workspaceStorage\d0bd320620ad3a5fccf20038298901ba\redhat.java\jdt_ws --pipe=\\.\pipe\lsp-ff9ac766bf81cc518ff6823b1099dbb5-sock

Host: INTEL(R) XEON(R) GOLD 6548N, 4 cores, 31G,  Windows 11 , 64 bit Build 26100 (10.0.26100.7705)
Time: Wed Mar 18 06:55:02 2026 Paris, Madrid elapsed time: 547358.901377 seconds (6d 8h 2m 38s)

---------------  T H R E A D  ---------------

Current thread (0x000001c6d58ee9e0):  JavaThread "Attach Listener" daemon [_thread_in_vm, id=20504, stack(0x000000650fc00000,0x000000650fd00000) (1024K)]

Stack: [0x000000650fc00000,0x000000650fd00000]
Native frames: (J=compiled Java code, j=interpreted, Vv=VM code, C=native code)
V  [jvm.dll+0x6d7a39]
V  [jvm.dll+0x8b4b26]
V  [jvm.dll+0x8b70de]
V  [jvm.dll+0x8b77c3]
V  [jvm.dll+0x284346]
V  [jvm.dll+0xc1277]
V  [jvm.dll+0x6d82e9]
V  [jvm.dll+0x1334a6]
V  [jvm.dll+0x3f857e]
V  [jvm.dll+0x85f59d]
V  [jvm.dll+0x6d626d]
C  [ucrtbase.dll+0x37b0]
C  [cyinjct.dll+0x11e7]
C  [KERNEL32.DLL+0x2e8d7]
C  [ntdll.dll+0x8c40c]


---------------  P R O C E S S  ---------------

Threads class SMR info:
_java_thread_list=0x000001c71f1caa20, length=33, elements={
0x000001c6bdf6b460, 0x000001c6d58e4f50, 0x000001c6d58e6e70, 0x000001c6d58ebd70,
0x000001c6d58ee9e0, 0x000001c6d58f3020, 0x000001c6d58f3a80, 0x000001c6d58f7ba0,
0x000001c6d5974230, 0x000001c6d5b53d30, 0x000001c7174e6d20, 0x000001c7174e6690,
0x000001c7174e8df0, 0x000001c7174e7a40, 0x000001c7174e5970, 0x000001c7174e6000,
0x000001c7174e73b0, 0x000001c71c201ca0, 0x000001c71c200f80, 0x000001c71c2036e0,
0x000001c71c201610, 0x000001c71c205120, 0x000001c71c205e40, 0x000001c71c2057b0,
0x000001c71c2071f0, 0x000001c71c207880, 0x000001c71c2064d0, 0x000001c71c206b60,
0x000001c71c1dc3d0, 0x000001c71f1c0380, 0x000001c71c1deb30, 0x000001c71f1c1730,
0x000001c717bea770
}

Java Threads: ( => current thread )
  0x000001c6bdf6b460 JavaThread "main"                              [_thread_blocked, id=23220, stack(0x000000650f300000,0x000000650f400000) (1024K)]
  0x000001c6d58e4f50 JavaThread "Reference Handler"          daemon [_thread_blocked, id=19036, stack(0x000000650f900000,0x000000650fa00000) (1024K)]
  0x000001c6d58e6e70 JavaThread "Finalizer"                  daemon [_thread_blocked, id=16112, stack(0x000000650fa00000,0x000000650fb00000) (1024K)]
  0x000001c6d58ebd70 JavaThread "Signal Dispatcher"          daemon [_thread_blocked, id=13336, stack(0x000000650fb00000,0x000000650fc00000) (1024K)]
=>0x000001c6d58ee9e0 JavaThread "Attach Listener"            daemon [_thread_in_vm, id=20504, stack(0x000000650fc00000,0x000000650fd00000) (1024K)]
  0x000001c6d58f3020 JavaThread "Service Thread"             daemon [_thread_blocked, id=13376, stack(0x000000650fd00000,0x000000650fe00000) (1024K)]
  0x000001c6d58f3a80 JavaThread "Monitor Deflation Thread"   daemon [_thread_blocked, id=15632, stack(0x000000650fe00000,0x000000650ff00000) (1024K)]
  0x000001c6d58f7ba0 JavaThread "C2 CompilerThread0"         daemon [_thread_blocked, id=22536, stack(0x000000650ff00000,0x0000006510000000) (1024K)]
  0x000001c6d5974230 JavaThread "C1 CompilerThread0"         daemon [_thread_blocked, id=23244, stack(0x0000006510000000,0x0000006510100000) (1024K)]
  0x000001c6d5b53d30 JavaThread "Common-Cleaner"             daemon [_thread_blocked, id=23500, stack(0x0000006510100000,0x0000006510200000) (1024K)]
  0x000001c7174e6d20 JavaThread "Notification Thread"        daemon [_thread_blocked, id=12196, stack(0x0000006510200000,0x0000006510300000) (1024K)]
  0x000001c7174e6690 JavaThread "Active Thread: Equinox Container: 01b47d79-0962-4ae9-b015-e242efc361cd"        [_thread_blocked, id=21600, stack(0x0000006510300000,0x0000006510400000) (1024K)]
  0x000001c7174e8df0 JavaThread "Refresh Thread: Equinox Container: 01b47d79-0962-4ae9-b015-e242efc361cd" daemon [_thread_blocked, id=14736, stack(0x0000006510700000,0x0000006510800000) (1024K)]
  0x000001c7174e7a40 JavaThread "Framework Event Dispatcher: Equinox Container: 01b47d79-0962-4ae9-b015-e242efc361cd" daemon [_thread_blocked, id=20648, stack(0x0000006510800000,0x0000006510900000) (1024K)]
  0x000001c7174e5970 JavaThread "Start Level: Equinox Container: 01b47d79-0962-4ae9-b015-e242efc361cd" daemon [_thread_blocked, id=17872, stack(0x0000006510900000,0x0000006510a00000) (1024K)]
  0x000001c7174e6000 JavaThread "Bundle File Closer"         daemon [_thread_blocked, id=796, stack(0x0000006510a00000,0x0000006510b00000) (1024K)]
  0x000001c7174e73b0 JavaThread "SCR Component Actor"        daemon [_thread_blocked, id=12184, stack(0x0000006510b00000,0x0000006510c00000) (1024K)]
  0x000001c71c201ca0 JavaThread "Worker-JM"                         [_thread_blocked, id=23400, stack(0x0000006510c00000,0x0000006510d00000) (1024K)]
  0x000001c71c200f80 JavaThread "Java indexing"              daemon [_thread_blocked, id=18664, stack(0x0000006511200000,0x0000006511300000) (1024K)]
  0x000001c71c2036e0 JavaThread "JNA Cleaner"                daemon [_thread_blocked, id=5244, stack(0x0000006511300000,0x0000006511400000) (1024K)]
  0x000001c71c201610 JavaThread "Thread-1"                   daemon [_thread_in_native, id=24348, stack(0x0000006511800000,0x0000006511900000) (1024K)]
  0x000001c71c205120 JavaThread "Thread-2"                   daemon [_thread_in_native, id=21556, stack(0x0000006511900000,0x0000006511a00000) (1024K)]
  0x000001c71c205e40 JavaThread "Thread-3"                   daemon [_thread_in_native, id=23880, stack(0x0000006511a00000,0x0000006511b00000) (1024K)]
  0x000001c71c2057b0 JavaThread "Thread-4"                   daemon [_thread_in_native, id=2540, stack(0x0000006511b00000,0x0000006511c00000) (1024K)]
  0x000001c71c2071f0 JavaThread "Thread-5"                   daemon [_thread_in_native, id=23356, stack(0x0000006511c00000,0x0000006511d00000) (1024K)]
  0x000001c71c207880 JavaThread "pool-2-thread-1"                   [_thread_blocked, id=3744, stack(0x0000006511d00000,0x0000006511e00000) (1024K)]
  0x000001c71c2064d0 JavaThread "WorkspaceEventsHandler"            [_thread_blocked, id=24032, stack(0x0000006511e00000,0x0000006511f00000) (1024K)]
  0x000001c71c206b60 JavaThread "pool-1-thread-1"                   [_thread_blocked, id=24484, stack(0x0000006511f00000,0x0000006512000000) (1024K)]
  0x000001c71c1dc3d0 JavaThread "pool-3-thread-1"                   [_thread_blocked, id=13660, stack(0x0000006511700000,0x0000006511800000) (1024K)]
  0x000001c71f1c0380 JavaThread "Cleaner-0"                  daemon [_thread_blocked, id=22200, stack(0x0000006512800000,0x0000006512900000) (1024K)]
  0x000001c71c1deb30 JavaThread "Thread-7"                          [_thread_in_native, id=24220, stack(0x000000650f400000,0x000000650f500000) (1024K)]
  0x000001c71f1c1730 JavaThread "Worker-72"                         [_thread_blocked, id=7892, stack(0x0000006512100000,0x0000006512200000) (1024K)]
  0x000001c717bea770 JavaThread "Worker-75"                         [_thread_blocked, id=20900, stack(0x0000006510d00000,0x0000006510e00000) (1024K)]
Total: 33

Other Threads:
  0x000001c6d58e25e0 VMThread "VM Thread"                           [id=23072, stack(0x000000650f800000,0x000000650f900000) (1024K)]
  0x000001c6bdf8e870 WatcherThread "VM Periodic Task Thread"        [id=23108, stack(0x000000650f700000,0x000000650f800000) (1024K)]
  0x000001c6bdf96f20 WorkerThread "GC Thread#0"                     [id=13448, stack(0x000000650f600000,0x000000650f700000) (1024K)]
  0x000001c7178261f0 WorkerThread "GC Thread#1"                     [id=18004, stack(0x0000006510400000,0x0000006510500000) (1024K)]
  0x000001c717a490d0 WorkerThread "GC Thread#2"                     [id=15972, stack(0x0000006510500000,0x0000006510600000) (1024K)]
  0x000001c7178265a0 WorkerThread "GC Thread#3"                     [id=12336, stack(0x0000006510600000,0x0000006510700000) (1024K)]
Total: 6

Threads with active compile tasks:
Total: 0

VM state: not at safepoint (normal execution)

VM Mutex/Monitor currently owned by a thread: None

Heap address: 0x0000000080000000, size: 2048 MB, Compressed Oops mode: 32-bit

CDS archive(s) mapped at: [0x000001c6d6000000-0x000001c6d6ba0000-0x000001c6d6ba0000), size 12189696, SharedBaseAddress: 0x000001c6d6000000, ArchiveRelocationMode: 1.
Compressed class space mapped at: 0x000001c6d7000000-0x000001c717000000, reserved size: 1073741824
Narrow klass base: 0x000001c6d6000000, Narrow klass shift: 0, Narrow klass range: 0x100000000

GC Precious Log:
 CardTable entry size: 512
 CPUs: 4 total, 4 available
 Memory: 32766M
 Large Page Support: Disabled
 NUMA Support: Disabled
 Compressed Oops: Enabled (32-bit)
 Alignments: Space 512K, Generation 512K, Heap 2M
 Heap Min Capacity: 100M
 Heap Initial Capacity: 100M
 Heap Max Capacity: 2G
 Pre-touch: Disabled
 Parallel Workers: 4

Heap:
 PSYoungGen      total 3072K, used 693K [0x00000000d5580000, 0x00000000d5a80000, 0x0000000100000000)
  eden space 2560K, 23% used [0x00000000d5580000,0x00000000d56155f8,0x00000000d5800000)
  from space 512K, 18% used [0x00000000d5a00000,0x00000000d5a18000,0x00000000d5a80000)
  to   space 512K, 0% used [0x00000000d5800000,0x00000000d5800000,0x00000000d5880000)
 ParOldGen       total 1150464K, used 1150258K [0x0000000080000000, 0x00000000c6380000, 0x00000000d5580000)
  object space 1150464K, 99% used [0x0000000080000000,0x00000000c634ca68,0x00000000c6380000)
 Metaspace       used 100409K, committed 102016K, reserved 1179648K
  class space    used 9588K, committed 10368K, reserved 1048576K

Card table byte_map: [0x000001c6d09a0000,0x000001c6d0db0000] _byte_map_base: 0x000001c6d05a0000

Marking Bits: (ParMarkBitMap*) 0x00007ff8dc7f3450
 Begin Bits: [0x000001c6d1060000, 0x000001c6d3060000)
 End Bits:   [0x000001c6d3060000, 0x000001c6d5060000)

Polling page: 0x000001c6bbbf0000

Metaspace:

Usage:
  Non-class:     88.69 MB used.
      Class:      9.36 MB used.
       Both:     98.06 MB used.

Virtual space:
  Non-class space:      128.00 MB reserved,      89.50 MB ( 70%) committed,  2 nodes.
      Class space:        1.00 GB reserved,      10.12 MB ( <1%) committed,  1 nodes.
             Both:        1.12 GB reserved,      99.62 MB (  9%) committed. 

Chunk freelists:
   Non-Class:  5.64 MB
       Class:  5.93 MB
        Both:  11.57 MB

MaxMetaspaceSize: unlimited
CompressedClassSpaceSize: 1.00 GB
Initial GC threshold: 21.00 MB
Current GC threshold: 165.62 MB
CDS: on
 - commit_granule_bytes: 65536.
 - commit_granule_words: 8192.
 - virtual_space_node_default_size: 8388608.
 - enlarge_chunks_in_place: 1.
 - use_allocation_guard: 0.


Internal statistics:

num_allocs_failed_limit: 9.
num_arena_births: 2228.
num_arena_deaths: 594.
num_vsnodes_births: 3.
num_vsnodes_deaths: 0.
num_space_committed: 1593.
num_space_uncommitted: 0.
num_chunks_returned_to_freelist: 715.
num_chunks_taken_from_freelist: 7619.
num_chunk_merges: 162.
num_chunk_splits: 4257.
num_chunks_enlarged: 2231.
num_inconsistent_stats: 0.

CodeHeap 'non-profiled nmethods': size=120000Kb used=32886Kb max_used=33695Kb free=87113Kb
 bounds [0x000001c6c9470000, 0x000001c6cb560000, 0x000001c6d09a0000]
CodeHeap 'profiled nmethods': size=120000Kb used=34451Kb max_used=55313Kb free=85548Kb
 bounds [0x000001c6c19a0000, 0x000001c6c5120000, 0x000001c6c8ed0000]
CodeHeap 'non-nmethods': size=5760Kb used=1555Kb max_used=1720Kb free=4205Kb
 bounds [0x000001c6c8ed0000, 0x000001c6c9140000, 0x000001c6c9470000]
CodeCache: size=245760Kb, used=68892Kb, max_used=90728Kb, free=176866Kb
 total_blobs=15977, nmethods=15107, adapters=767, full_count=0
Compilation: enabled, stopped_count=0, restarted_count=0

Compilation events (20 events):
Event: 392368.179 Thread 0x000001c6d5974230 36053       1       org.eclipse.core.internal.resources.WorkspaceRoot::exists (2 bytes)
Event: 392368.180 Thread 0x000001c6d5974230 nmethod 36053 0x000001c6c9739990 code [0x000001c6c9739b20, 0x000001c6c9739be8]
Event: 392600.464 Thread 0x000001c6d5974230 36054       3       org.eclipse.jdt.internal.core.JavaModelManager$$Lambda/0x000001c6d7262bf8::get (4 bytes)
Event: 392600.465 Thread 0x000001c6d5974230 nmethod 36054 0x000001c6c2893190 code [0x000001c6c2893340, 0x000001c6c28934b0]
Event: 392600.465 Thread 0x000001c6d5974230 36055       3       org.eclipse.jdt.internal.core.JavaModelManager::lambda$1 (4 bytes)
Event: 392600.465 Thread 0x000001c6d5974230 nmethod 36055 0x000001c6c1e7a910 code [0x000001c6c1e7aaa0, 0x000001c6c1e7ab98]
Event: 392601.415 Thread 0x000001c6d58f7ba0 36056       4       org.eclipse.jdt.internal.core.util.WeakHashSetOfCharArray::add (108 bytes)
Event: 392601.440 Thread 0x000001c6d58f7ba0 nmethod 36056 0x000001c6ca1fca10 code [0x000001c6ca1fcd40, 0x000001c6ca1fe090]
Event: 392601.440 Thread 0x000001c6d58f7ba0 36057       4       org.eclipse.jdt.internal.core.util.WeakHashSetOfCharArray::cleanupGarbageCollectedValues (147 bytes)
Event: 392601.454 Thread 0x000001c6d58f7ba0 nmethod 36057 0x000001c6ca31d810 code [0x000001c6ca31dac0, 0x000001c6ca31e5a0]
Event: 392601.929 Thread 0x000001c6d58f7ba0 36058       4       org.eclipse.jdt.internal.core.SourceMethod::getReturnType (17 bytes)
Event: 392601.932 Thread 0x000001c6d58f7ba0 nmethod 36058 0x000001c6ca304f90 code [0x000001c6ca305160, 0x000001c6ca3053a8]
Event: 392981.411 Thread 0x000001c6d58f7ba0 36059       4       org.eclipse.jdt.ls.core.internal.text.correction.CodeActionUtility::getFieldNames (75 bytes)
Event: 392981.431 Thread 0x000001c6d58f7ba0 nmethod 36059 0x000001c6ca829790 code [0x000001c6ca829a40, 0x000001c6ca82a3e0]
Event: 425134.384 Thread 0x000001c6d58f7ba0 36060 % !   4       java.util.concurrent.ThreadPoolExecutor::runWorker @ 21 (187 bytes)
Event: 425134.412 Thread 0x000001c6d58f7ba0 nmethod 36060% 0x000001c6ca827b90 code [0x000001c6ca827e80, 0x000001c6ca828b18]
Event: 432819.007 Thread 0x000001c6d58f7ba0 36061   !   4       java.util.concurrent.ThreadPoolExecutor::runWorker (187 bytes)
Event: 432819.035 Thread 0x000001c6d58f7ba0 nmethod 36061 0x000001c6ca825e10 code [0x000001c6ca826100, 0x000001c6ca826ce0]
Event: 463566.188 Thread 0x000001c6d58f7ba0 36062 % !   4       java.util.concurrent.ThreadPoolExecutor::runWorker @ 21 (187 bytes)
Event: 463566.234 Thread 0x000001c6d58f7ba0 nmethod 36062% 0x000001c6cad9ff90 code [0x000001c6cada02c0, 0x000001c6cada1008]

GC Heap History (20 events):
Event: 392981.412 GC heap before
{Heap before GC invocations=19447 (full 15):
 PSYoungGen      total 3072K, used 2688K [0x00000000d5580000, 0x00000000d5a80000, 0x0000000100000000)
  eden space 2560K, 100% used [0x00000000d5580000,0x00000000d5800000,0x00000000d5800000)
  from space 512K, 25% used [0x00000000d5a00000,0x00000000d5a20020,0x00000000d5a80000)
  to   space 512K, 0% used [0x00000000d5800000,0x00000000d5800000,0x00000000d5880000)
 ParOldGen       total 1150464K, used 1149954K [0x0000000080000000, 0x00000000c6380000, 0x00000000d5580000)
  object space 1150464K, 99% used [0x0000000080000000,0x00000000c6300a48,0x00000000c6380000)
 Metaspace       used 100409K, committed 102016K, reserved 1179648K
  class space    used 9588K, committed 10368K, reserved 1048576K
}
Event: 392981.415 GC heap after
{Heap after GC invocations=19447 (full 15):
 PSYoungGen      total 3072K, used 128K [0x00000000d5580000, 0x00000000d5a80000, 0x0000000100000000)
  eden space 2560K, 0% used [0x00000000d5580000,0x00000000d5580000,0x00000000d5800000)
  from space 512K, 25% used [0x00000000d5800000,0x00000000d5820000,0x00000000d5880000)
  to   space 512K, 0% used [0x00000000d5a00000,0x00000000d5a00000,0x00000000d5a80000)
 ParOldGen       total 1150464K, used 1150050K [0x0000000080000000, 0x00000000c6380000, 0x00000000d5580000)
  object space 1150464K, 99% used [0x0000000080000000,0x00000000c6318a68,0x00000000c6380000)
 Metaspace       used 100409K, committed 102016K, reserved 1179648K
  class space    used 9588K, committed 10368K, reserved 1048576K
}
Event: 392981.422 GC heap before
{Heap before GC invocations=19448 (full 15):
 PSYoungGen      total 3072K, used 2688K [0x00000000d5580000, 0x00000000d5a80000, 0x0000000100000000)
  eden space 2560K, 100% used [0x00000000d5580000,0x00000000d5800000,0x00000000d5800000)
  from space 512K, 25% used [0x00000000d5800000,0x00000000d5820000,0x00000000d5880000)
  to   space 512K, 0% used [0x00000000d5a00000,0x00000000d5a00000,0x00000000d5a80000)
 ParOldGen       total 1150464K, used 1150050K [0x0000000080000000, 0x00000000c6380000, 0x00000000d5580000)
  object space 1150464K, 99% used [0x0000000080000000,0x00000000c6318a68,0x00000000c6380000)
 Metaspace       used 100409K, committed 102016K, reserved 1179648K
  class space    used 9588K, committed 10368K, reserved 1048576K
}
Event: 392981.425 GC heap after
{Heap after GC invocations=19448 (full 15):
 PSYoungGen      total 3072K, used 128K [0x00000000d5580000, 0x00000000d5a80000, 0x0000000100000000)
  eden space 2560K, 0% used [0x00000000d5580000,0x00000000d5580000,0x00000000d5800000)
  from space 512K, 25% used [0x00000000d5a00000,0x00000000d5a20000,0x00000000d5a80000)
  to   space 512K, 0% used [0x00000000d5800000,0x00000000d5800000,0x00000000d5880000)
 ParOldGen       total 1150464K, used 1150082K [0x0000000080000000, 0x00000000c6380000, 0x00000000d5580000)
  object space 1150464K, 99% used [0x0000000080000000,0x00000000c6320a68,0x00000000c6380000)
 Metaspace       used 100409K, committed 102016K, reserved 1179648K
  class space    used 9588K, committed 10368K, reserved 1048576K
}
Event: 392981.432 GC heap before
{Heap before GC invocations=19449 (full 15):
 PSYoungGen      total 3072K, used 2688K [0x00000000d5580000, 0x00000000d5a80000, 0x0000000100000000)
  eden space 2560K, 100% used [0x00000000d5580000,0x00000000d5800000,0x00000000d5800000)
  from space 512K, 25% used [0x00000000d5a00000,0x00000000d5a20000,0x00000000d5a80000)
  to   space 512K, 0% used [0x00000000d5800000,0x00000000d5800000,0x00000000d5880000)
 ParOldGen       total 1150464K, used 1150082K [0x0000000080000000, 0x00000000c6380000, 0x00000000d5580000)
  object space 1150464K, 99% used [0x0000000080000000,0x00000000c6320a68,0x00000000c6380000)
 Metaspace       used 100409K, committed 102016K, reserved 1179648K
  class space    used 9588K, committed 10368K, reserved 1048576K
}
Event: 392981.435 GC heap after
{Heap after GC invocations=19449 (full 15):
 PSYoungGen      total 3072K, used 128K [0x00000000d5580000, 0x00000000d5a80000, 0x0000000100000000)
  eden space 2560K, 0% used [0x00000000d5580000,0x00000000d5580000,0x00000000d5800000)
  from space 512K, 25% used [0x00000000d5800000,0x00000000d5820000,0x00000000d5880000)
  to   space 512K, 0% used [0x00000000d5a00000,0x00000000d5a00000,0x00000000d5a80000)
 ParOldGen       total 1150464K, used 1150178K [0x0000000080000000, 0x00000000c6380000, 0x00000000d5580000)
  object space 1150464K, 99% used [0x0000000080000000,0x00000000c6338a68,0x00000000c6380000)
 Metaspace       used 100409K, committed 102016K, reserved 1179648K
  class space    used 9588K, committed 10368K, reserved 1048576K
}
Event: 392981.442 GC heap before
{Heap before GC invocations=19450 (full 15):
 PSYoungGen      total 3072K, used 2688K [0x00000000d5580000, 0x00000000d5a80000, 0x0000000100000000)
  eden space 2560K, 100% used [0x00000000d5580000,0x00000000d5800000,0x00000000d5800000)
  from space 512K, 25% used [0x00000000d5800000,0x00000000d5820000,0x00000000d5880000)
  to   space 512K, 0% used [0x00000000d5a00000,0x00000000d5a00000,0x00000000d5a80000)
 ParOldGen       total 1150464K, used 1150178K [0x0000000080000000, 0x00000000c6380000, 0x00000000d5580000)
  object space 1150464K, 99% used [0x0000000080000000,0x00000000c6338a68,0x00000000c6380000)
 Metaspace       used 100409K, committed 102016K, reserved 1179648K
  class space    used 9588K, committed 10368K, reserved 1048576K
}
Event: 392981.445 GC heap after
{Heap after GC invocations=19450 (full 15):
 PSYoungGen      total 3072K, used 96K [0x00000000d5580000, 0x00000000d5a80000, 0x0000000100000000)
  eden space 2560K, 0% used [0x00000000d5580000,0x00000000d5580000,0x00000000d5800000)
  from space 512K, 18% used [0x00000000d5a00000,0x00000000d5a18000,0x00000000d5a80000)
  to   space 512K, 0% used [0x00000000d5800000,0x00000000d5800000,0x00000000d5880000)
 ParOldGen       total 1150464K, used 1150194K [0x0000000080000000, 0x00000000c6380000, 0x00000000d5580000)
  object space 1150464K, 99% used [0x0000000080000000,0x00000000c633ca68,0x00000000c6380000)
 Metaspace       used 100409K, committed 102016K, reserved 1179648K
  class space    used 9588K, committed 10368K, reserved 1048576K
}
Event: 392982.192 GC heap before
{Heap before GC invocations=19451 (full 15):
 PSYoungGen      total 3072K, used 2656K [0x00000000d5580000, 0x00000000d5a80000, 0x0000000100000000)
  eden space 2560K, 100% used [0x00000000d5580000,0x00000000d5800000,0x00000000d5800000)
  from space 512K, 18% used [0x00000000d5a00000,0x00000000d5a18000,0x00000000d5a80000)
  to   space 512K, 0% used [0x00000000d5800000,0x00000000d5800000,0x00000000d5880000)
 ParOldGen       total 1150464K, used 1150194K [0x0000000080000000, 0x00000000c6380000, 0x00000000d5580000)
  object space 1150464K, 99% used [0x0000000080000000,0x00000000c633ca68,0x00000000c6380000)
 Metaspace       used 100409K, committed 102016K, reserved 1179648K
  class space    used 9588K, committed 10368K, reserved 1048576K
}
Event: 392982.197 GC heap after
{Heap after GC invocations=19451 (full 15):
 PSYoungGen      total 3072K, used 96K [0x00000000d5580000, 0x00000000d5a80000, 0x0000000100000000)
  eden space 2560K, 0% used [0x00000000d5580000,0x00000000d5580000,0x00000000d5800000)
  from space 512K, 18% used [0x00000000d5800000,0x00000000d5818000,0x00000000d5880000)
  to   space 512K, 0% used [0x00000000d5a00000,0x00000000d5a00000,0x00000000d5a80000)
 ParOldGen       total 1150464K, used 1150210K [0x0000000080000000, 0x00000000c6380000, 0x00000000d5580000)
  object space 1150464K, 99% used [0x0000000080000000,0x00000000c6340a68,0x00000000c6380000)
 Metaspace       used 100409K, committed 102016K, reserved 1179648K
  class space    used 9588K, committed 10368K, reserved 1048576K
}
Event: 392983.957 GC heap before
{Heap before GC invocations=19452 (full 15):
 PSYoungGen      total 3072K, used 2656K [0x00000000d5580000, 0x00000000d5a80000, 0x0000000100000000)
  eden space 2560K, 100% used [0x00000000d5580000,0x00000000d5800000,0x00000000d5800000)
  from space 512K, 18% used [0x00000000d5800000,0x00000000d5818000,0x00000000d5880000)
  to   space 512K, 0% used [0x00000000d5a00000,0x00000000d5a00000,0x00000000d5a80000)
 ParOldGen       total 1150464K, used 1150210K [0x0000000080000000, 0x00000000c6380000, 0x00000000d5580000)
  object space 1150464K, 99% used [0x0000000080000000,0x00000000c6340a68,0x00000000c6380000)
 Metaspace       used 100409K, committed 102016K, reserved 1179648K
  class space    used 9588K, committed 10368K, reserved 1048576K
}
Event: 392983.963 GC heap after
{Heap after GC invocations=19452 (full 15):
 PSYoungGen      total 3072K, used 128K [0x00000000d5580000, 0x00000000d5a80000, 0x0000000100000000)
  eden space 2560K, 0% used [0x00000000d5580000,0x00000000d5580000,0x00000000d5800000)
  from space 512K, 25% used [0x00000000d5a00000,0x00000000d5a20000,0x00000000d5a80000)
  to   space 512K, 0% used [0x00000000d5800000,0x00000000d5800000,0x00000000d5880000)
 ParOldGen       total 1150464K, used 1150234K [0x0000000080000000, 0x00000000c6380000, 0x00000000d5580000)
  object space 1150464K, 99% used [0x0000000080000000,0x00000000c6346a68,0x00000000c6380000)
 Metaspace       used 100409K, committed 102016K, reserved 1179648K
  class space    used 9588K, committed 10368K, reserved 1048576K
}
Event: 393847.558 GC heap before
{Heap before GC invocations=19453 (full 15):
 PSYoungGen      total 3072K, used 2688K [0x00000000d5580000, 0x00000000d5a80000, 0x0000000100000000)
  eden space 2560K, 100% used [0x00000000d5580000,0x00000000d5800000,0x00000000d5800000)
  from space 512K, 25% used [0x00000000d5a00000,0x00000000d5a20000,0x00000000d5a80000)
  to   space 512K, 0% used [0x00000000d5800000,0x00000000d5800000,0x00000000d5880000)
 ParOldGen       total 1150464K, used 1150234K [0x0000000080000000, 0x00000000c6380000, 0x00000000d5580000)
  object space 1150464K, 99% used [0x0000000080000000,0x00000000c6346a68,0x00000000c6380000)
 Metaspace       used 100409K, committed 102016K, reserved 1179648K
  class space    used 9588K, committed 10368K, reserved 1048576K
}
Event: 393847.566 GC heap after
{Heap after GC invocations=19453 (full 15):
 PSYoungGen      total 3072K, used 128K [0x00000000d5580000, 0x00000000d5a80000, 0x0000000100000000)
  eden space 2560K, 0% used [0x00000000d5580000,0x00000000d5580000,0x00000000d5800000)
  from space 512K, 25% used [0x00000000d5800000,0x00000000d5820000,0x00000000d5880000)
  to   space 512K, 0% used [0x00000000d5a00000,0x00000000d5a00000,0x00000000d5a80000)
 ParOldGen       total 1150464K, used 1150234K [0x0000000080000000, 0x00000000c6380000, 0x00000000d5580000)
  object space 1150464K, 99% used [0x0000000080000000,0x00000000c6346a68,0x00000000c6380000)
 Metaspace       used 100409K, committed 102016K, reserved 1179648K
  class space    used 9588K, committed 10368K, reserved 1048576K
}
Event: 393849.491 GC heap before
{Heap before GC invocations=19454 (full 15):
 PSYoungGen      total 3072K, used 2688K [0x00000000d5580000, 0x00000000d5a80000, 0x0000000100000000)
  eden space 2560K, 100% used [0x00000000d5580000,0x00000000d5800000,0x00000000d5800000)
  from space 512K, 25% used [0x00000000d5800000,0x00000000d5820000,0x00000000d5880000)
  to   space 512K, 0% used [0x00000000d5a00000,0x00000000d5a00000,0x00000000d5a80000)
 ParOldGen       total 1150464K, used 1150234K [0x0000000080000000, 0x00000000c6380000, 0x00000000d5580000)
  object space 1150464K, 99% used [0x0000000080000000,0x00000000c6346a68,0x00000000c6380000)
 Metaspace       used 100409K, committed 102016K, reserved 1179648K
  class space    used 9588K, committed 10368K, reserved 1048576K
}
Event: 393849.495 GC heap after
{Heap after GC invocations=19454 (full 15):
 PSYoungGen      total 3072K, used 128K [0x00000000d5580000, 0x00000000d5a80000, 0x0000000100000000)
  eden space 2560K, 0% used [0x00000000d5580000,0x00000000d5580000,0x00000000d5800000)
  from space 512K, 25% used [0x00000000d5a00000,0x00000000d5a20000,0x00000000d5a80000)
  to   space 512K, 0% used [0x00000000d5800000,0x00000000d5800000,0x00000000d5880000)
 ParOldGen       total 1150464K, used 1150258K [0x0000000080000000, 0x00000000c6380000, 0x00000000d5580000)
  object space 1150464K, 99% used [0x0000000080000000,0x00000000c634ca68,0x00000000c6380000)
 Metaspace       used 100409K, committed 102016K, reserved 1179648K
  class space    used 9588K, committed 10368K, reserved 1048576K
}
Event: 426593.546 GC heap before
{Heap before GC invocations=19455 (full 15):
 PSYoungGen      total 3072K, used 2687K [0x00000000d5580000, 0x00000000d5a80000, 0x0000000100000000)
  eden space 2560K, 99% used [0x00000000d5580000,0x00000000d57fffe8,0x00000000d5800000)
  from space 512K, 25% used [0x00000000d5a00000,0x00000000d5a20000,0x00000000d5a80000)
  to   space 512K, 0% used [0x00000000d5800000,0x00000000d5800000,0x00000000d5880000)
 ParOldGen       total 1150464K, used 1150258K [0x0000000080000000, 0x00000000c6380000, 0x00000000d5580000)
  object space 1150464K, 99% used [0x0000000080000000,0x00000000c634ca68,0x00000000c6380000)
 Metaspace       used 100409K, committed 102016K, reserved 1179648K
  class space    used 9588K, committed 10368K, reserved 1048576K
}
Event: 426593.599 GC heap after
{Heap after GC invocations=19455 (full 15):
 PSYoungGen      total 3072K, used 96K [0x00000000d5580000, 0x00000000d5a80000, 0x0000000100000000)
  eden space 2560K, 0% used [0x00000000d5580000,0x00000000d5580000,0x00000000d5800000)
  from space 512K, 18% used [0x00000000d5800000,0x00000000d5818000,0x00000000d5880000)
  to   space 512K, 0% used [0x00000000d5a00000,0x00000000d5a00000,0x00000000d5a80000)
 ParOldGen       total 1150464K, used 1150258K [0x0000000080000000, 0x00000000c6380000, 0x00000000d5580000)
  object space 1150464K, 99% used [0x0000000080000000,0x00000000c634ca68,0x00000000c6380000)
 Metaspace       used 100409K, committed 102016K, reserved 1179648K
  class space    used 9588K, committed 10368K, reserved 1048576K
}
Event: 508556.787 GC heap before
{Heap before GC invocations=19456 (full 15):
 PSYoungGen      total 3072K, used 2656K [0x00000000d5580000, 0x00000000d5a80000, 0x0000000100000000)
  eden space 2560K, 100% used [0x00000000d5580000,0x00000000d5800000,0x00000000d5800000)
  from space 512K, 18% used [0x00000000d5800000,0x00000000d5818000,0x00000000d5880000)
  to   space 512K, 0% used [0x00000000d5a00000,0x00000000d5a00000,0x00000000d5a80000)
 ParOldGen       total 1150464K, used 1150258K [0x0000000080000000, 0x00000000c6380000, 0x00000000d5580000)
  object space 1150464K, 99% used [0x0000000080000000,0x00000000c634ca68,0x00000000c6380000)
 Metaspace       used 100409K, committed 102016K, reserved 1179648K
  class space    used 9588K, committed 10368K, reserved 1048576K
}
Event: 508556.841 GC heap after
{Heap after GC invocations=19456 (full 15):
 PSYoungGen      total 3072K, used 96K [0x00000000d5580000, 0x00000000d5a80000, 0x0000000100000000)
  eden space 2560K, 0% used [0x00000000d5580000,0x00000000d5580000,0x00000000d5800000)
  from space 512K, 18% used [0x00000000d5a00000,0x00000000d5a18000,0x00000000d5a80000)
  to   space 512K, 0% used [0x00000000d5800000,0x00000000d5800000,0x00000000d5880000)
 ParOldGen       total 1150464K, used 1150258K [0x0000000080000000, 0x00000000c6380000, 0x00000000d5580000)
  object space 1150464K, 99% used [0x0000000080000000,0x00000000c634ca68,0x00000000c6380000)
 Metaspace       used 100409K, committed 102016K, reserved 1179648K
  class space    used 9588K, committed 10368K, reserved 1048576K
}

Dll operation events (15 events):
Event: 0.057 Loaded shared library c:\Users\97689T\.vscode\extensions\redhat.java-1.53.0-win32-x64\jre\21.0.10-win32-x86_64\bin\java.dll
Event: 0.065 Loaded shared library c:\Users\97689T\.vscode\extensions\redhat.java-1.53.0-win32-x64\jre\21.0.10-win32-x86_64\bin\zip.dll
Event: 0.300 Loaded shared library C:\ProgramData\Aternity\hooks\JavaHookNative64.DLL
Event: 0.315 Loaded shared library C:\Users\97689T\.vscode\extensions\redhat.java-1.53.0-win32-x64\jre\21.0.10-win32-x86_64\bin\instrument.dll
Event: 0.338 Loaded shared library C:\Users\97689T\.vscode\extensions\redhat.java-1.53.0-win32-x64\jre\21.0.10-win32-x86_64\bin\net.dll
Event: 0.345 Loaded shared library C:\Users\97689T\.vscode\extensions\redhat.java-1.53.0-win32-x64\jre\21.0.10-win32-x86_64\bin\nio.dll
Event: 0.353 Loaded shared library C:\Users\97689T\.vscode\extensions\redhat.java-1.53.0-win32-x64\jre\21.0.10-win32-x86_64\bin\zip.dll
Event: 0.406 Loaded shared library C:\Users\97689T\.vscode\extensions\redhat.java-1.53.0-win32-x64\jre\21.0.10-win32-x86_64\bin\jimage.dll
Event: 1.015 Loaded shared library c:\Users\97689T\.vscode\extensions\redhat.java-1.53.0-win32-x64\jre\21.0.10-win32-x86_64\bin\verify.dll
Event: 7.746 Loaded shared library C:\Users\97689T\AppData\Roaming\Code\User\globalStorage\redhat.java\1.53.0\config_win\org.eclipse.equinox.launcher\org.eclipse.equinox.launcher.win32.win32.x86_64_1.3.0.v20260203-2149\eclipse_11919.dll
Event: 14.478 Loaded shared library C:\Users\97689T\.vscode\extensions\redhat.java-1.53.0-win32-x64\jre\21.0.10-win32-x86_64\bin\management.dll
Event: 14.484 Loaded shared library C:\Users\97689T\.vscode\extensions\redhat.java-1.53.0-win32-x64\jre\21.0.10-win32-x86_64\bin\management_ext.dll
Event: 26.180 Loaded shared library C:\Users\97689T\AppData\Local\Temp\jna-1684319643\jna6164644417373416149.dll
Event: 26.979 Loaded shared library C:\Users\97689T\.vscode\extensions\redhat.java-1.53.0-win32-x64\jre\21.0.10-win32-x86_64\bin\sunmscapi.dll
Event: 28.153 Loaded shared library C:\Users\97689T\.vscode\extensions\redhat.java-1.53.0-win32-x64\jre\21.0.10-win32-x86_64\bin\extnet.dll

Deoptimization events (20 events):
Event: 392601.930 Thread 0x000001c717be8010 DEOPT PACKING pc=0x000001c6c9af71d0 sp=0x00000065111fecd0
Event: 392601.930 Thread 0x000001c717be8010 DEOPT UNPACKING pc=0x000001c6c8f278e2 sp=0x00000065111fe160 mode 1
Event: 392601.930 Thread 0x000001c717be8010 DEOPT PACKING pc=0x000001c6ca9d90ec sp=0x00000065111fed00
Event: 392601.930 Thread 0x000001c717be8010 DEOPT UNPACKING pc=0x000001c6c8f278e2 sp=0x00000065111fe180 mode 1
Event: 432819.007 Thread 0x000001c71c207880 Uncommon trap: trap_request=0xffffffbe fr.pc=0x000001c6ca828728 relative=0x00000000000008a8
Event: 432819.008 Thread 0x000001c71c207880 Uncommon trap: reason=profile_predicate action=maybe_recompile pc=0x000001c6ca828728 method=java.util.concurrent.ThreadPoolExecutor.runWorker(Ljava/util/concurrent/ThreadPoolExecutor$Worker;)V @ 21 c2
Event: 432819.008 Thread 0x000001c71c207880 DEOPT PACKING pc=0x000001c6ca828728 sp=0x0000006511dff0a0
Event: 432819.008 Thread 0x000001c71c207880 DEOPT UNPACKING pc=0x000001c6c8f26da2 sp=0x0000006511dff088 mode 2
Event: 440505.800 Thread 0x000001c71c207880 Uncommon trap: trap_request=0xffffffbe fr.pc=0x000001c6ca828728 relative=0x00000000000008a8
Event: 440505.800 Thread 0x000001c71c207880 Uncommon trap: reason=profile_predicate action=maybe_recompile pc=0x000001c6ca828728 method=java.util.concurrent.ThreadPoolExecutor.runWorker(Ljava/util/concurrent/ThreadPoolExecutor$Worker;)V @ 21 c2
Event: 440505.800 Thread 0x000001c71c207880 DEOPT PACKING pc=0x000001c6ca828728 sp=0x0000006511dff0a0
Event: 440505.801 Thread 0x000001c71c207880 DEOPT UNPACKING pc=0x000001c6c8f26da2 sp=0x0000006511dff088 mode 2
Event: 448192.662 Thread 0x000001c71c207880 Uncommon trap: trap_request=0xffffffbe fr.pc=0x000001c6ca828728 relative=0x00000000000008a8
Event: 448192.662 Thread 0x000001c71c207880 Uncommon trap: reason=profile_predicate action=maybe_recompile pc=0x000001c6ca828728 method=java.util.concurrent.ThreadPoolExecutor.runWorker(Ljava/util/concurrent/ThreadPoolExecutor$Worker;)V @ 21 c2
Event: 448192.662 Thread 0x000001c71c207880 DEOPT PACKING pc=0x000001c6ca828728 sp=0x0000006511dff0a0
Event: 448192.662 Thread 0x000001c71c207880 DEOPT UNPACKING pc=0x000001c6c8f26da2 sp=0x0000006511dff088 mode 2
Event: 455879.442 Thread 0x000001c71c207880 Uncommon trap: trap_request=0xffffffbe fr.pc=0x000001c6ca828728 relative=0x00000000000008a8
Event: 455879.442 Thread 0x000001c71c207880 Uncommon trap: reason=profile_predicate action=maybe_recompile pc=0x000001c6ca828728 method=java.util.concurrent.ThreadPoolExecutor.runWorker(Ljava/util/concurrent/ThreadPoolExecutor$Worker;)V @ 21 c2
Event: 455879.442 Thread 0x000001c71c207880 DEOPT PACKING pc=0x000001c6ca828728 sp=0x0000006511dff0a0
Event: 455879.443 Thread 0x000001c71c207880 DEOPT UNPACKING pc=0x000001c6c8f26da2 sp=0x0000006511dff088 mode 2

Classes loaded (20 events):
Event: 137500.797 Loading class org/eclipse/jdt/core/ICompilationUnit
Event: 137500.797 Loading class org/eclipse/jdt/core/ICompilationUnit done
Event: 137500.803 Loading class org/eclipse/lsp4j/jsonrpc/messages/Either
Event: 137500.803 Loading class org/eclipse/lsp4j/jsonrpc/messages/Either done
Event: 137500.804 Loading class org/eclipse/lsp4j/jsonrpc/messages/Either
Event: 137500.804 Loading class org/eclipse/lsp4j/jsonrpc/messages/Either done
Event: 141731.620 Loading class org/eclipse/jdt/internal/compiler/lookup/TypeBinding
Event: 141731.620 Loading class org/eclipse/jdt/internal/compiler/lookup/TypeBinding done
Event: 142270.405 Loading class org/eclipse/jdt/core/dom/TagElement
Event: 142270.405 Loading class org/eclipse/jdt/core/dom/TagElement done
Event: 142270.405 Loading class org/eclipse/jdt/core/dom/TagElement
Event: 142270.405 Loading class org/eclipse/jdt/core/dom/TagElement done
Event: 142270.405 Loading class org/eclipse/jdt/internal/formatter/CommentsPreparator
Event: 142270.405 Loading class org/eclipse/jdt/internal/formatter/CommentsPreparator done
Event: 142270.405 Loading class org/eclipse/jdt/core/dom/TagElement
Event: 142270.405 Loading class org/eclipse/jdt/core/dom/TagElement done
Event: 142270.406 Loading class org/eclipse/jdt/core/dom/TagElement
Event: 142270.406 Loading class org/eclipse/jdt/core/dom/TagElement done
Event: 155024.473 Loading class jdk/internal/access/JavaAWTAccess
Event: 155024.475 Loading class jdk/internal/access/JavaAWTAccess done

Classes unloaded (20 events):
Event: 141534.967 Thread 0x000001c6d58e25e0 Unloading class 0x000001c6d795ac00 'java/lang/invoke/LambdaForm$MH+0x000001c6d795ac00'
Event: 245504.762 Thread 0x000001c6d58e25e0 Unloading class 0x000001c6d7a04c00 'java/lang/invoke/LambdaForm$MH+0x000001c6d7a04c00'
Event: 245504.762 Thread 0x000001c6d58e25e0 Unloading class 0x000001c6d7a04800 'java/lang/invoke/LambdaForm$MH+0x000001c6d7a04800'
Event: 245504.762 Thread 0x000001c6d58e25e0 Unloading class 0x000001c6d7a04400 'java/lang/invoke/LambdaForm$MH+0x000001c6d7a04400'
Event: 245504.762 Thread 0x000001c6d58e25e0 Unloading class 0x000001c6d7a04000 'java/lang/invoke/LambdaForm$MH+0x000001c6d7a04000'
Event: 245504.762 Thread 0x000001c6d58e25e0 Unloading class 0x000001c6d79ffc00 'java/lang/invoke/LambdaForm$MH+0x000001c6d79ffc00'
Event: 245504.762 Thread 0x000001c6d58e25e0 Unloading class 0x000001c6d79fe800 'java/lang/invoke/LambdaForm$MH+0x000001c6d79fe800'
Event: 245504.762 Thread 0x000001c6d58e25e0 Unloading class 0x000001c6d79fe400 'java/lang/invoke/LambdaForm$BMH+0x000001c6d79fe400'
Event: 245504.762 Thread 0x000001c6d58e25e0 Unloading class 0x000001c6d79fe000 'java/lang/invoke/LambdaForm$MH+0x000001c6d79fe000'
Event: 245504.762 Thread 0x000001c6d58e25e0 Unloading class 0x000001c6d79fd800 'java/lang/invoke/LambdaForm$MH+0x000001c6d79fd800'
Event: 245504.762 Thread 0x000001c6d58e25e0 Unloading class 0x000001c6d795ac00 'java/lang/invoke/LambdaForm$MH+0x000001c6d795ac00'
Event: 245504.762 Thread 0x000001c6d58e25e0 Unloading class 0x000001c6d7418000 'java/lang/invoke/LambdaForm$MH+0x000001c6d7418000'
Event: 245504.762 Thread 0x000001c6d58e25e0 Unloading class 0x000001c6d79e8c00 'java/lang/invoke/LambdaForm$MH+0x000001c6d79e8c00'
Event: 245504.762 Thread 0x000001c6d58e25e0 Unloading class 0x000001c6d701e400 'java/lang/invoke/LambdaForm$MH+0x000001c6d701e400'
Event: 257898.562 Thread 0x000001c6d58e25e0 Unloading class 0x000001c6d7a04000 'java/lang/invoke/LambdaForm$MH+0x000001c6d7a04000'
Event: 257898.562 Thread 0x000001c6d58e25e0 Unloading class 0x000001c6d79fe400 'java/lang/invoke/LambdaForm$MH+0x000001c6d79fe400'
Event: 257898.562 Thread 0x000001c6d58e25e0 Unloading class 0x000001c6d79fe000 'java/lang/invoke/LambdaForm$BMH+0x000001c6d79fe000'
Event: 257898.562 Thread 0x000001c6d58e25e0 Unloading class 0x000001c6d701e400 'java/lang/invoke/LambdaForm$MH+0x000001c6d701e400'
Event: 257898.562 Thread 0x000001c6d58e25e0 Unloading class 0x000001c6d79ff800 'java/lang/invoke/LambdaForm$MH+0x000001c6d79ff800'
Event: 257898.562 Thread 0x000001c6d58e25e0 Unloading class 0x000001c6d79ff000 'java/lang/invoke/LambdaForm$MH+0x000001c6d79ff000'

Classes redefined (5 events):
Event: 1.825 Thread 0x000001c6d58e25e0 redefined class name=java.io.FileOutputStream, count=1
Event: 1.833 Thread 0x000001c6d58e25e0 redefined class name=java.lang.ClassLoader, count=1
Event: 1.859 Thread 0x000001c6d58e25e0 redefined class name=java.nio.file.Files, count=1
Event: 1.864 Thread 0x000001c6d58e25e0 redefined class name=java.io.File, count=1
Event: 1.867 Thread 0x000001c6d58e25e0 redefined class name=java.net.URLStreamHandler, count=1

Internal exceptions (20 events):
Event: 391352.008 Thread 0x000001c71f1c2450 Exception <a 'java/lang/ArrayIndexOutOfBoundsException'{0x00000000d56c9858}: Index 1833 out of bounds for length 1832> (0x00000000d56c9858) 
thrown [s\src\hotspot\share\interpreter\interpreterRuntime.cpp, line 439]
Event: 391352.168 Thread 0x000001c71cdaa000 Exception <a 'java/lang/ArrayIndexOutOfBoundsException'{0x00000000d56d3680}: Index 1834 out of bounds for length 1833> (0x00000000d56d3680) 
thrown [s\src\hotspot\share\interpreter\interpreterRuntime.cpp, line 439]
Event: 391353.053 Thread 0x000001c71f1c2450 Exception <a 'java/lang/ArrayIndexOutOfBoundsException'{0x00000000d58cfab0}: Index 1837 out of bounds for length 1836> (0x00000000d58cfab0) 
thrown [s\src\hotspot\share\interpreter\interpreterRuntime.cpp, line 439]
Event: 391353.722 Thread 0x000001c71c200f80 Exception <a 'sun/nio/fs/WindowsException'{0x00000000d58129a8}> (0x00000000d58129a8) 
thrown [s\src\hotspot\share\prims\jni.cpp, line 520]
Event: 391354.551 Thread 0x000001c71c200f80 Exception <a 'sun/nio/fs/WindowsException'{0x00000000d58796d8}> (0x00000000d58796d8) 
thrown [s\src\hotspot\share\prims\jni.cpp, line 520]
Event: 391423.411 Thread 0x000001c71cdaa000 Exception <a 'java/lang/ArrayIndexOutOfBoundsException'{0x00000000d56e0f48}: Index 1845 out of bounds for length 1844> (0x00000000d56e0f48) 
thrown [s\src\hotspot\share\interpreter\interpreterRuntime.cpp, line 439]
Event: 391424.297 Thread 0x000001c71c200f80 Exception <a 'sun/nio/fs/WindowsException'{0x00000000d5647f78}> (0x00000000d5647f78) 
thrown [s\src\hotspot\share\prims\jni.cpp, line 520]
Event: 391424.697 Thread 0x000001c71c200f80 Exception <a 'sun/nio/fs/WindowsException'{0x00000000d5646080}> (0x00000000d5646080) 
thrown [s\src\hotspot\share\prims\jni.cpp, line 520]
Event: 391428.305 Thread 0x000001c71cdaa000 Exception <a 'java/lang/ArrayIndexOutOfBoundsException'{0x00000000d55cebb0}: Index 1843 out of bounds for length 1842> (0x00000000d55cebb0) 
thrown [s\src\hotspot\share\interpreter\interpreterRuntime.cpp, line 439]
Event: 391429.152 Thread 0x000001c71c200f80 Exception <a 'sun/nio/fs/WindowsException'{0x00000000d5584940}> (0x00000000d5584940) 
thrown [s\src\hotspot\share\prims\jni.cpp, line 520]
Event: 391429.509 Thread 0x000001c71c200f80 Exception <a 'sun/nio/fs/WindowsException'{0x00000000d56469b8}> (0x00000000d56469b8) 
thrown [s\src\hotspot\share\prims\jni.cpp, line 520]
Event: 391470.677 Thread 0x000001c717bebb20 Exception <a 'sun/nio/fs/WindowsException'{0x00000000d5624168}> (0x00000000d5624168) 
thrown [s\src\hotspot\share\prims\jni.cpp, line 520]
Event: 391470.677 Thread 0x000001c717bebb20 Exception <a 'sun/nio/fs/WindowsException'{0x00000000d562ad20}> (0x00000000d562ad20) 
thrown [s\src\hotspot\share\prims\jni.cpp, line 520]
Event: 391890.537 Thread 0x000001c71f1c2450 Exception <a 'sun/nio/fs/WindowsException'{0x00000000d55d3650}> (0x00000000d55d3650) 
thrown [s\src\hotspot\share\prims\jni.cpp, line 520]
Event: 391890.537 Thread 0x000001c71f1c2450 Exception <a 'sun/nio/fs/WindowsException'{0x00000000d55d4208}> (0x00000000d55d4208) 
thrown [s\src\hotspot\share\prims\jni.cpp, line 520]
Event: 392068.176 Thread 0x000001c71c200f80 Exception <a 'sun/nio/fs/WindowsException'{0x00000000d55e6598}> (0x00000000d55e6598) 
thrown [s\src\hotspot\share\prims\jni.cpp, line 520]
Event: 392073.266 Thread 0x000001c71c200f80 Exception <a 'sun/nio/fs/WindowsException'{0x00000000d56dd630}> (0x00000000d56dd630) 
thrown [s\src\hotspot\share\prims\jni.cpp, line 520]
Event: 392368.162 Thread 0x000001c71f1c1730 Exception <a 'sun/nio/fs/WindowsException'{0x00000000d57b4130}> (0x00000000d57b4130) 
thrown [s\src\hotspot\share\prims\jni.cpp, line 520]
Event: 392368.163 Thread 0x000001c71f1c1730 Exception <a 'sun/nio/fs/WindowsException'{0x00000000d57b8b20}> (0x00000000d57b8b20) 
thrown [s\src\hotspot\share\prims\jni.cpp, line 520]
Event: 392575.446 Thread 0x000001c717be8010 Exception <a 'java/lang/ArrayIndexOutOfBoundsException'{0x00000000d56667b0}: Index 2755 out of bounds for length 2754> (0x00000000d56667b0) 
thrown [s\src\hotspot\share\interpreter\interpreterRuntime.cpp, line 439]

ZGC Phase Switch (0 events):
No events

VM Operations (20 events):
Event: 544823.477 Executing non-safepoint VM operation: HandshakeAllThreads (HandshakeForDeflation)
Event: 544823.477 Executing non-safepoint VM operation: HandshakeAllThreads (HandshakeForDeflation) done
Event: 544823.477 Executing non-safepoint VM operation: RendezvousGCThreads
Event: 544823.477 Executing non-safepoint VM operation: RendezvousGCThreads done
Event: 545003.669 Executing non-safepoint VM operation: HandshakeAllThreads (HandshakeForDeflation)
Event: 545003.669 Executing non-safepoint VM operation: HandshakeAllThreads (HandshakeForDeflation) done
Event: 545003.669 Executing non-safepoint VM operation: RendezvousGCThreads
Event: 545003.669 Executing non-safepoint VM operation: RendezvousGCThreads done
Event: 545123.803 Executing non-safepoint VM operation: HandshakeAllThreads (HandshakeForDeflation)
Event: 545123.803 Executing non-safepoint VM operation: HandshakeAllThreads (HandshakeForDeflation) done
Event: 545123.803 Executing non-safepoint VM operation: RendezvousGCThreads
Event: 545123.803 Executing non-safepoint VM operation: RendezvousGCThreads done
Event: 545724.435 Executing non-safepoint VM operation: HandshakeAllThreads (HandshakeForDeflation)
Event: 545724.435 Executing non-safepoint VM operation: HandshakeAllThreads (HandshakeForDeflation) done
Event: 545724.435 Executing non-safepoint VM operation: RendezvousGCThreads
Event: 545724.435 Executing non-safepoint VM operation: RendezvousGCThreads done
Event: 546625.484 Executing non-safepoint VM operation: HandshakeAllThreads (HandshakeForDeflation)
Event: 546625.485 Executing non-safepoint VM operation: HandshakeAllThreads (HandshakeForDeflation) done
Event: 546625.485 Executing non-safepoint VM operation: RendezvousGCThreads
Event: 546625.485 Executing non-safepoint VM operation: RendezvousGCThreads done

Memory protections (0 events):
No events

Nmethod flushes (20 events):
Event: 257898.666 Thread 0x000001c6d58e25e0 flushing  nmethod 0x000001c6c4cb7810
Event: 257898.666 Thread 0x000001c6d58e25e0 flushing  nmethod 0x000001c6c4cd8c90
Event: 257898.666 Thread 0x000001c6d58e25e0 flushing  nmethod 0x000001c6c4cdb710
Event: 257898.666 Thread 0x000001c6d58e25e0 flushing  nmethod 0x000001c6c4d30190
Event: 257898.666 Thread 0x000001c6d58e25e0 flushing  nmethod 0x000001c6c4d51610
Event: 257898.666 Thread 0x000001c6d58e25e0 flushing  nmethod 0x000001c6c4d60210
Event: 257898.666 Thread 0x000001c6d58e25e0 flushing  nmethod 0x000001c6c4d85610
Event: 257898.666 Thread 0x000001c6d58e25e0 flushing  nmethod 0x000001c6c4d91110
Event: 257898.666 Thread 0x000001c6d58e25e0 flushing  nmethod 0x000001c6c4d91810
Event: 257898.666 Thread 0x000001c6d58e25e0 flushing  nmethod 0x000001c6c4dfa090
Event: 257898.666 Thread 0x000001c6d58e25e0 flushing  nmethod 0x000001c6c4dfea10
Event: 257898.666 Thread 0x000001c6d58e25e0 flushing  nmethod 0x000001c6c4e50e90
Event: 257898.666 Thread 0x000001c6d58e25e0 flushing  nmethod 0x000001c6c4e5cf10
Event: 257898.666 Thread 0x000001c6d58e25e0 flushing  nmethod 0x000001c6c4ef6110
Event: 257898.666 Thread 0x000001c6d58e25e0 flushing  nmethod 0x000001c6c4f00f90
Event: 257898.666 Thread 0x000001c6d58e25e0 flushing  nmethod 0x000001c6c4f29c90
Event: 257898.666 Thread 0x000001c6d58e25e0 flushing  nmethod 0x000001c6c4f6e510
Event: 257898.666 Thread 0x000001c6d58e25e0 flushing  nmethod 0x000001c6c4f6e990
Event: 257898.666 Thread 0x000001c6d58e25e0 flushing  nmethod 0x000001c6c4f87010
Event: 257898.666 Thread 0x000001c6d58e25e0 flushing  nmethod 0x000001c6c4f88090

Events (20 events):
Event: 393847.425 Thread 0x000001c71c206b60 Thread added: 0x000001c717beb490
Event: 393909.834 Thread 0x000001c717beb490 Thread exited: 0x000001c717beb490
Event: 394632.858 Thread 0x000001c71c206b60 Thread added: 0x000001c717be8d30
Event: 394694.180 Thread 0x000001c717be8d30 Thread exited: 0x000001c717be8d30
Event: 398637.862 Thread 0x000001c71c206b60 Thread added: 0x000001c717beb490
Event: 398698.016 Thread 0x000001c717beb490 Thread exited: 0x000001c717beb490
Event: 407468.758 Thread 0x000001c71c206b60 Thread added: 0x000001c717beb490
Event: 407528.948 Thread 0x000001c717beb490 Thread exited: 0x000001c717beb490
Event: 416580.006 Thread 0x000001c71c206b60 Thread added: 0x000001c717be8d30
Event: 416644.712 Thread 0x000001c717be8d30 Thread exited: 0x000001c717be8d30
Event: 447621.997 Thread 0x000001c71f1c1730 Thread added: 0x000001c717beb490
Event: 447682.003 Thread 0x000001c717beb490 Thread exited: 0x000001c717beb490
Event: 468704.087 Thread 0x000001c71c206b60 Thread added: 0x000001c717beb490
Event: 468783.241 Thread 0x000001c717beb490 Thread exited: 0x000001c717beb490
Event: 468962.169 Thread 0x000001c71c206b60 Thread added: 0x000001c717be8d30
Event: 469024.554 Thread 0x000001c717be8d30 Thread exited: 0x000001c717be8d30
Event: 496055.868 Thread 0x000001c71c206b60 Thread added: 0x000001c717beb490
Event: 496117.775 Thread 0x000001c717beb490 Thread exited: 0x000001c717beb490
Event: 497140.173 Thread 0x000001c71c206b60 Thread added: 0x000001c717beb490
Event: 497200.181 Thread 0x000001c717beb490 Thread exited: 0x000001c717beb490


Dynamic libraries:
0x00007ff6541c0000 - 0x00007ff6541ce000 	c:\Users\97689T\.vscode\extensions\redhat.java-1.53.0-win32-x64\jre\21.0.10-win32-x86_64\bin\java.exe
0x00007ff96b220000 - 0x00007ff96b488000 	C:\WINDOWS\SYSTEM32\ntdll.dll
0x00007ff96af40000 - 0x00007ff96b009000 	C:\WINDOWS\System32\KERNEL32.DLL
0x00007ff96ab40000 - 0x00007ff96af31000 	C:\WINDOWS\System32\KERNELBASE.dll
0x0000000077030000 - 0x000000007706e000 	C:\WINDOWS\System32\cyinjct.dll
0x00007ff96a9b0000 - 0x00007ff96a9d4000 	C:\WINDOWS\System32\cyvera.dll
0x00007ff96a840000 - 0x00007ff96a9a6000 	C:\WINDOWS\System32\cyvrtrap.dll
0x00007ff9633c0000 - 0x00007ff96345e000 	C:\WINDOWS\SYSTEM32\apphelp.dll
0x00007ff968830000 - 0x00007ff96897b000 	C:\WINDOWS\System32\ucrtbase.dll
0x00007ff93c280000 - 0x00007ff93c298000 	c:\Users\97689T\.vscode\extensions\redhat.java-1.53.0-win32-x64\jre\21.0.10-win32-x86_64\bin\jli.dll
0x00007ff96b010000 - 0x00007ff96b1d6000 	C:\WINDOWS\System32\USER32.dll
0x00007ff967d90000 - 0x00007ff967db7000 	C:\WINDOWS\System32\win32u.dll
0x00007ff969d70000 - 0x00007ff969d9b000 	C:\WINDOWS\System32\GDI32.dll
0x00007ff9678c0000 - 0x00007ff9679eb000 	C:\WINDOWS\System32\gdi32full.dll
0x00007ff967b60000 - 0x00007ff967c03000 	C:\WINDOWS\System32\msvcp_win.dll
0x00007ff937460000 - 0x00007ff93747e000 	c:\Users\97689T\.vscode\extensions\redhat.java-1.53.0-win32-x64\jre\21.0.10-win32-x86_64\bin\VCRUNTIME140.dll
0x00007ff950370000 - 0x00007ff950603000 	C:\WINDOWS\WinSxS\amd64_microsoft.windows.common-controls_6595b64144ccf1df_6.0.26100.7824_none_3e0870b2e3345462\COMCTL32.dll
0x00007ff96a120000 - 0x00007ff96a1c9000 	C:\WINDOWS\System32\msvcrt.dll
0x00007ff968e40000 - 0x00007ff968e71000 	C:\WINDOWS\System32\IMM32.DLL
0x00007ff9676e0000 - 0x00007ff96771a000 	C:\Program Files\Citrix\HDX\bin\MfApHook.dll
0x00007ff968d80000 - 0x00007ff968e34000 	C:\WINDOWS\System32\ADVAPI32.dll
0x00007ff96a2b0000 - 0x00007ff96a356000 	C:\WINDOWS\System32\sechost.dll
0x00007ff96aa20000 - 0x00007ff96ab38000 	C:\WINDOWS\System32\RPCRT4.dll
0x00007ff9675f0000 - 0x00007ff967604000 	C:\Program Files\Citrix\HDX\bin\FullScreenHook.dll
0x00007ff8fa6c0000 - 0x00007ff8fa74d000 	c:\Users\97689T\.vscode\extensions\redhat.java-1.53.0-win32-x64\jre\21.0.10-win32-x86_64\bin\MSVCP140.dll
0x00007ff9632a0000 - 0x00007ff9632ac000 	c:\Users\97689T\.vscode\extensions\redhat.java-1.53.0-win32-x64\jre\21.0.10-win32-x86_64\bin\VCRUNTIME140_1.dll
0x00007ff9672f0000 - 0x00007ff967374000 	C:\Program Files\Citrix\HDX\bin\Citrix.Hdx.Seamless.Hooking.dll
0x00007ff969660000 - 0x00007ff969756000 	C:\WINDOWS\System32\shcore.dll
0x00007ff9674a0000 - 0x00007ff9674ab000 	C:\WINDOWS\SYSTEM32\VERSION.dll
0x00007ff967270000 - 0x00007ff9672e6000 	C:\Program Files\Citrix\HDX\bin\ShellHook.dll
0x00007ff968e80000 - 0x00007ff968ee7000 	C:\WINDOWS\System32\SHLWAPI.dll
0x00007ff967fc0000 - 0x00007ff968823000 	C:\WINDOWS\System32\Windows.Storage.dll
0x00007ff9689d0000 - 0x00007ff968d56000 	C:\WINDOWS\System32\combase.dll
0x00007ff968ef0000 - 0x00007ff969642000 	C:\WINDOWS\System32\SHELL32.dll
0x00007ff9679f0000 - 0x00007ff967b5a000 	C:\WINDOWS\System32\wintypes.dll
0x00007ff967080000 - 0x00007ff9671a9000 	C:\Program Files\Citrix\HDX\bin\SCardHook.dll
0x00007ff967030000 - 0x00007ff967074000 	C:\Program Files\Citrix\HDX\bin\twnhook.dll
0x00007ff966fe0000 - 0x00007ff966fff000 	C:\Program Files\Citrix\HDX\bin\CxInjIme.dll
0x00007ff966ef0000 - 0x00007ff966fc0000 	C:\Program Files\Citrix\HDX\bin\WfApi64.dll
0x00007ff969760000 - 0x00007ff9697d4000 	C:\WINDOWS\System32\WS2_32.dll
0x00007ff966ec0000 - 0x00007ff966eea000 	C:\WINDOWS\SYSTEM32\WTSAPI32.dll
0x00007ff967c10000 - 0x00007ff967d87000 	C:\WINDOWS\System32\CRYPT32.dll
0x00007ff966e70000 - 0x00007ff966eb9000 	C:\WINDOWS\SYSTEM32\SspiCli.dll
0x00007ff966db0000 - 0x00007ff966dd9000 	C:\Program Files\Citrix\HDX\bin\PicaWtsHook.dll
0x00007ff8dbb30000 - 0x00007ff8dc8d1000 	c:\Users\97689T\.vscode\extensions\redhat.java-1.53.0-win32-x64\jre\21.0.10-win32-x86_64\bin\server\jvm.dll
0x00007ff967740000 - 0x00007ff96779e000 	C:\WINDOWS\SYSTEM32\POWRPROF.dll
0x00007ff958060000 - 0x00007ff958095000 	C:\WINDOWS\SYSTEM32\WINMM.dll
0x00007ff967720000 - 0x00007ff967734000 	C:\WINDOWS\SYSTEM32\UMPDC.dll
0x00007ff965dd0000 - 0x00007ff965deb000 	C:\WINDOWS\SYSTEM32\kernel.appcore.dll
0x00007ff95e450000 - 0x00007ff95e45a000 	c:\Users\97689T\.vscode\extensions\redhat.java-1.53.0-win32-x64\jre\21.0.10-win32-x86_64\bin\jimage.dll
0x00007ff9650f0000 - 0x00007ff965332000 	C:\WINDOWS\SYSTEM32\DBGHELP.DLL
0x00007ff969da0000 - 0x00007ff969e77000 	C:\WINDOWS\System32\OLEAUT32.dll
0x00007ff941700000 - 0x00007ff94173b000 	C:\WINDOWS\SYSTEM32\dbgcore.DLL
0x00007ff967dc0000 - 0x00007ff967e65000 	C:\WINDOWS\System32\bcryptPrimitives.dll
0x00007ff91d990000 - 0x00007ff91d9e8000 	C:\WINDOWS\system32\Aternity\Java\JavaHookLoader.dll
0x00007ff8e18a0000 - 0x00007ff8e19a6000 	C:\ProgramData\Aternity\hooks\JavaHookNative64.dll
0x00007ff8e17b0000 - 0x00007ff8e189e000 	C:\ProgramData\Aternity\hooks\HooksCore64.dll
0x00007ff91b9c0000 - 0x00007ff91ba1e000 	C:\ProgramData\Aternity\hooks\ExceptionFilterHook64.dll
0x0000000069f00000 - 0x000000006a096000 	C:\ProgramData\Aternity\hooks\x64\dbghelp.dll
0x00007ff95cfd0000 - 0x00007ff95cfdf000 	c:\Users\97689T\.vscode\extensions\redhat.java-1.53.0-win32-x64\jre\21.0.10-win32-x86_64\bin\instrument.dll
0x00007ff959250000 - 0x00007ff959270000 	c:\Users\97689T\.vscode\extensions\redhat.java-1.53.0-win32-x64\jre\21.0.10-win32-x86_64\bin\java.dll
0x00007ff96a7e0000 - 0x00007ff96a83a000 	C:\Program Files\Palo Alto Networks\Traps\cyjagent.dll
0x00007ff958f70000 - 0x00007ff958f88000 	c:\Users\97689T\.vscode\extensions\redhat.java-1.53.0-win32-x64\jre\21.0.10-win32-x86_64\bin\zip.dll
0x00007ff9677e0000 - 0x00007ff967809000 	C:\WINDOWS\SYSTEM32\profapi.dll
0x00007ff95cfc0000 - 0x00007ff95cfd0000 	C:\Users\97689T\.vscode\extensions\redhat.java-1.53.0-win32-x64\jre\21.0.10-win32-x86_64\bin\net.dll
0x00007ff965e50000 - 0x00007ff965f77000 	C:\WINDOWS\SYSTEM32\WINHTTP.dll
0x00007ff966460000 - 0x00007ff9664cb000 	C:\WINDOWS\system32\mswsock.dll
0x00007ff9311d0000 - 0x00007ff9311e6000 	C:\Users\97689T\.vscode\extensions\redhat.java-1.53.0-win32-x64\jre\21.0.10-win32-x86_64\bin\nio.dll
0x00007ff958f40000 - 0x00007ff958f50000 	c:\Users\97689T\.vscode\extensions\redhat.java-1.53.0-win32-x64\jre\21.0.10-win32-x86_64\bin\verify.dll
0x00007ff931a90000 - 0x00007ff931ad5000 	C:\Users\97689T\AppData\Roaming\Code\User\globalStorage\redhat.java\1.53.0\config_win\org.eclipse.equinox.launcher\org.eclipse.equinox.launcher.win32.win32.x86_64_1.3.0.v20260203-2149\eclipse_11919.dll
0x00007ff96a640000 - 0x00007ff96a7d7000 	C:\WINDOWS\System32\ole32.dll
0x00007ff958df0000 - 0x00007ff958dfa000 	C:\Users\97689T\.vscode\extensions\redhat.java-1.53.0-win32-x64\jre\21.0.10-win32-x86_64\bin\management.dll
0x00007ff94cea0000 - 0x00007ff94ceac000 	C:\Users\97689T\.vscode\extensions\redhat.java-1.53.0-win32-x64\jre\21.0.10-win32-x86_64\bin\management_ext.dll
0x00007ff968d60000 - 0x00007ff968d68000 	C:\WINDOWS\System32\PSAPI.DLL
0x00007ff966850000 - 0x00007ff96686b000 	C:\WINDOWS\SYSTEM32\CRYPTSP.dll
0x00007ff965d90000 - 0x00007ff965dc9000 	C:\WINDOWS\system32\rsaenh.dll
0x00007ff966510000 - 0x00007ff96653b000 	C:\WINDOWS\SYSTEM32\USERENV.dll
0x00007ff9677b0000 - 0x00007ff9677da000 	C:\WINDOWS\SYSTEM32\bcrypt.dll
0x00007ff966830000 - 0x00007ff96683c000 	C:\WINDOWS\SYSTEM32\CRYPTBASE.dll
0x00007ff9655d0000 - 0x00007ff965604000 	C:\WINDOWS\SYSTEM32\IPHLPAPI.DLL
0x00007ff96a360000 - 0x00007ff96a36a000 	C:\WINDOWS\System32\NSI.dll
0x00007ff93a6a0000 - 0x00007ff93a6e9000 	C:\Users\97689T\AppData\Local\Temp\jna-1684319643\jna6164644417373416149.dll
0x00007ff9603c0000 - 0x00007ff9603de000 	C:\WINDOWS\SYSTEM32\dhcpcsvc6.DLL
0x00007ff960330000 - 0x00007ff960353000 	C:\WINDOWS\SYSTEM32\dhcpcsvc.DLL
0x00007ff95e440000 - 0x00007ff95e44e000 	C:\Users\97689T\.vscode\extensions\redhat.java-1.53.0-win32-x64\jre\21.0.10-win32-x86_64\bin\sunmscapi.dll
0x00007ff9669b0000 - 0x00007ff9669e0000 	C:\WINDOWS\SYSTEM32\ncrypt.dll
0x00007ff966960000 - 0x00007ff96699f000 	C:\WINDOWS\SYSTEM32\NTASN1.dll
0x00007ff965610000 - 0x00007ff96573c000 	C:\WINDOWS\SYSTEM32\DNSAPI.dll
0x00007ff959bd0000 - 0x00007ff959bdb000 	C:\Windows\System32\rasadhlp.dll
0x00007ff95faf0000 - 0x00007ff95fb76000 	C:\WINDOWS\System32\fwpuclnt.dll
0x00007ff95e430000 - 0x00007ff95e439000 	C:\Users\97689T\.vscode\extensions\redhat.java-1.53.0-win32-x64\jre\21.0.10-win32-x86_64\bin\extnet.dll

JVMTI agents:
C:\WINDOWS\system32\Aternity\Java\JavaHookLoader.dll path:none, loaded, initialized, options:C:\ProgramData\Aternity\hooks
c:\Users\97689T\.vscode\extensions\redhat.java-1.53.0-win32-x64\lombok\lombok-1.18.39-4050.jar path:c:\Users\97689T\.vscode\extensions\redhat.java-1.53.0-win32-x64\jre\21.0.10-win32-x86_64\bin\instrument.dll, loaded, initialized, instrumentlib options:none
C:\Program Files\Palo Alto Networks\Traps\cyjagent.dll path:C:\Program Files\Palo Alto Networks\Traps\cyjagent.dll, loaded, initialized, options:none

dbghelp: loaded successfully - version: 4.0.5 - missing functions: none
symbol engine: initialized successfully - sym options: 0x614 - pdb path: .;c:\Users\97689T\.vscode\extensions\redhat.java-1.53.0-win32-x64\jre\21.0.10-win32-x86_64\bin;C:\WINDOWS\SYSTEM32;C:\WINDOWS\WinSxS\amd64_microsoft.windows.common-controls_6595b64144ccf1df_6.0.26100.7824_none_3e0870b2e3345462;C:\Program Files\Citrix\HDX\bin;c:\Users\97689T\.vscode\extensions\redhat.java-1.53.0-win32-x64\jre\21.0.10-win32-x86_64\bin\server;C:\WINDOWS\system32\Aternity\Java;C:\ProgramData\Aternity\hooks;C:\ProgramData\Aternity\hooks\x64;C:\Program Files\Palo Alto Networks\Traps;C:\Users\97689T\AppData\Roaming\Code\User\globalStorage\redhat.java\1.53.0\config_win\org.eclipse.equinox.launcher\org.eclipse.equinox.launcher.win32.win32.x86_64_1.3.0.v20260203-2149;C:\Users\97689T\AppData\Local\Temp\jna-1684319643

VM Arguments:
jvm_args: -agentpath:C:\WINDOWS\system32\Aternity\Java\JavaHookLoader.dll=C:\ProgramData\Aternity\hooks --add-modules=ALL-SYSTEM --add-opens=java.base/java.util=ALL-UNNAMED --add-opens=java.base/java.lang=ALL-UNNAMED --add-opens=java.base/sun.nio.fs=ALL-UNNAMED -Declipse.application=org.eclipse.jdt.ls.core.id1 -Dosgi.bundles.defaultStartLevel=4 -Declipse.product=org.eclipse.jdt.ls.core.product -Djava.import.generatesMetadataFilesAtProjectRoot=false -DDetectVMInstallationsJob.disabled=true -Dfile.encoding=utf8 -XX:+UseParallelGC -XX:GCTimeRatio=4 -XX:AdaptiveSizePolicyWeight=90 -Dsun.zip.disableMemoryMapping=true -Xmx2G -Xms100m -Xlog:disable -javaagent:c:\Users\97689T\.vscode\extensions\redhat.java-1.53.0-win32-x64\lombok\lombok-1.18.39-4050.jar -XX:+HeapDumpOnOutOfMemoryError -XX:HeapDumpPath=c:\Users\97689T\AppData\Roaming\Code\User\workspaceStorage\d0bd320620ad3a5fccf20038298901ba\redhat.java -Daether.dependencyCollector.impl=bf -agentpath:C:\Program Files\Palo Alto Networks\Traps\cyjagent.dll 
java_command: c:\Users\97689T\.vscode\extensions\redhat.java-1.53.0-win32-x64\server\plugins\org.eclipse.equinox.launcher_1.7.100.v20251111-0406.jar -configuration c:\Users\97689T\AppData\Roaming\Code\User\globalStorage\redhat.java\1.53.0\config_win -data c:\Users\97689T\AppData\Roaming\Code\User\workspaceStorage\d0bd320620ad3a5fccf20038298901ba\redhat.java\jdt_ws --pipe=\\.\pipe\lsp-ff9ac766bf81cc518ff6823b1099dbb5-sock
java_class_path (initial): c:\Users\97689T\.vscode\extensions\redhat.java-1.53.0-win32-x64\server\plugins\org.eclipse.equinox.launcher_1.7.100.v20251111-0406.jar
Launcher Type: SUN_STANDARD

[Global flags]
    uintx AdaptiveSizePolicyWeight                 = 90                                        {product} {command line}
     intx CICompilerCount                          = 3                                         {product} {ergonomic}
    uintx GCTimeRatio                              = 4                                         {product} {command line}
     bool HeapDumpOnOutOfMemoryError               = true                                   {manageable} {command line}
    ccstr HeapDumpPath                             = c:\Users\97689T\AppData\Roaming\Code\User\workspaceStorage\d0bd320620ad3a5fccf20038298901ba\redhat.java         {manageable} {command line}
   size_t InitialHeapSize                          = 104857600                                 {product} {command line}
   size_t MaxHeapSize                              = 2147483648                                {product} {command line}
   size_t MaxNewSize                               = 715653120                                 {product} {ergonomic}
   size_t MinHeapDeltaBytes                        = 524288                                    {product} {ergonomic}
   size_t MinHeapSize                              = 104857600                                 {product} {command line}
   size_t NewSize                                  = 34603008                                  {product} {ergonomic}
    uintx NonNMethodCodeHeapSize                   = 5832780                                {pd product} {ergonomic}
    uintx NonProfiledCodeHeapSize                  = 122912730                              {pd product} {ergonomic}
   size_t OldSize                                  = 70254592                                  {product} {ergonomic}
    uintx ProfiledCodeHeapSize                     = 122912730                              {pd product} {ergonomic}
    uintx ReservedCodeCacheSize                    = 251658240                              {pd product} {ergonomic}
     bool SegmentedCodeCache                       = true                                      {product} {ergonomic}
   size_t SoftMaxHeapSize                          = 2147483648                             {manageable} {ergonomic}
     bool UseCompressedOops                        = true                           {product lp64_product} {ergonomic}
     bool UseLargePagesIndividualAllocation        = false                                  {pd product} {ergonomic}
     bool UseParallelGC                            = true                                      {product} {command line}

Logging:
Log output configuration:
 #0: stdout all=off uptime,level,tags foldmultilines=false
 #1: stderr all=off uptime,level,tags foldmultilines=false

Release file:
JAVA_VERSION="21.0.10" 
MODULES="java.base java.compiler java.datatransfer java.xml java.prefs java.desktop java.instrument java.logging java.management java.security.sasl java.naming java.rmi java.management.rmi java.net.http java.scripting java.security.jgss java.transaction.xa java.sql java.sql.rowset java.xml.crypto java.se java.smartcardio jdk.accessibility jdk.internal.jvmstat jdk.attach jdk.charsets jdk.internal.opt jdk.zipfs jdk.compiler jdk.crypto.ec jdk.crypto.cryptoki jdk.crypto.mscapi jdk.dynalink jdk.internal.ed jdk.editpad jdk.hotspot.agent jdk.httpserver jdk.internal.le jdk.internal.vm.ci jdk.internal.vm.compiler jdk.internal.vm.compiler.management jdk.jartool jdk.javadoc jdk.jcmd jdk.management jdk.management.agent jdk.jconsole jdk.jdeps jdk.jdwp.agent jdk.jdi jdk.jfr jdk.jshell jdk.jsobject jdk.jstatd jdk.localedata jdk.management.jfr jdk.naming.dns jdk.naming.rmi jdk.net jdk.nio.mapmode jdk.random jdk.sctp jdk.security.auth jdk.security.jgss jdk.unsupported jdk.unsupported.desktop jdk.xml.dom" 

Environment Variables:
JAVA_HOME=C:\Program Files\Adoptium\jdk-21.0.0.0
JAVA_TOOL_OPTIONS=-agentpath:"C:\WINDOWS\system32\Aternity\Java\JavaHookLoader.dll"="C:\ProgramData\Aternity\hooks"
PATH=C:\Users\97689T\AppData\Local\Programs\Microsoft VS Code;C:\Program Files\Apache\Maven\3.9.8\bin;C:\Program Files\Adoptium\jdk-21.0.0.0\bin;C:\WINDOWS\system32;C:\WINDOWS;C:\WINDOWS\System32\Wbem;C:\WINDOWS\System32\WindowsPowerShell\v1.0\;C:\WINDOWS\System32\OpenSSH\;C:\Program Files\dotnet\;C:\Program Files (x86)\Citrix\HDX\bin\;C:\Program Files\Citrix\HDX\bin\;C:\Program Files\Git\cmd;C:\Users\97689T\AppData\Local\Microsoft\WindowsApps;C:\Users\97689T\AppData\Local\Programs\Microsoft VS Code\bin;C:\Users\97689T\.local\share\application\gradle-9.4.0\bin;
USERNAME=97689T
OS=Windows_NT
PROCESSOR_IDENTIFIER=Intel64 Family 6 Model 85 Stepping 7, GenuineIntel
TMP=C:\Users\97689T\AppData\Local\Temp
TEMP=C:\Users\97689T\AppData\Local\Temp




Periodic native trim disabled

---------------  S Y S T E M  ---------------

OS:
 Windows 11 , 64 bit Build 26100 (10.0.26100.7705)
OS uptime: 11 days 19:44 hours
Hyper-V role detected

CPU: total 4 (initial active 4) (2 cores per cpu, 1 threads per core) family 6 model 85 stepping 7 microcode 0x210002a9, cx8, cmov, fxsr, mmx, 3dnowpref, sse, sse2, sse3, ssse3, sse4.1, sse4.2, popcnt, lzcnt, tsc, tscinvbit, avx, avx2, aes, erms, clmul, bmi1, bmi2, adx, avx512f, avx512dq, avx512cd, avx512bw, avx512vl, fma, vzeroupper, avx512_vnni, clflush, clflushopt, clwb, hv, rdtscp, f16c
Processor Information for the first 4 processors :
  Max Mhz: 2800, Current Mhz: 2800, Mhz Limit: 2800

Memory: 4k page, system-wide physical 32766M (637M free)
TotalPageFile size 58250M (AvailPageFile size 4M)
current process WorkingSet (physical memory assigned to process): 1361M, peak: 1892M
current process commit charge ("private bytes"): 1526M, peak: 1782M

vm_info: OpenJDK 64-Bit Server VM (21.0.10+7-LTS) for windows-amd64 JRE (21.0.10+7-LTS), built on 2026-01-20T00:00:00Z by "admin" with MS VC++ 17.12 (VS2022)

END.
